\BOOKMARK [0][-]{chapter.1}{\376\377\000I\000N\000T\000R\000O\000D\000U\000\307\000\303\000O}{}% 1
\BOOKMARK [1][-]{section.1.1}{\376\377\000O\000B\000J\000E\000T\000I\000V\000O}{chapter.1}% 2
\BOOKMARK [1][-]{section.1.2}{\376\377\000E\000S\000T\000R\000U\000T\000U\000R\000A\000\040\000D\000O\000\040\000T\000R\000A\000B\000A\000L\000H\000O}{chapter.1}% 3
\BOOKMARK [0][-]{chapter.2}{\376\377\000C\000O\000N\000C\000E\000I\000T\000O\000S\000\040\000F\000U\000N\000D\000A\000M\000E\000N\000T\000A\000I\000S}{}% 4
\BOOKMARK [0][-]{chapter.3}{\376\377\000T\000R\000A\000B\000A\000L\000H\000O\000S\000\040\000R\000E\000L\000A\000C\000I\000O\000N\000A\000D\000O\000S}{}% 5
\BOOKMARK [1][-]{section.3.1}{\376\377\000B\000a\000r\000e\000-\000M\000e\000t\000a\000l\000\040\000v\000s\000.\000\040\000H\000y\000p\000e\000r\000v\000i\000s\000o\000r\000s\000\040\000a\000n\000d\000\040\000C\000o\000n\000t\000a\000i\000n\000e\000r\000s\000:\000\040\000P\000e\000r\000f\000o\000r\000m\000a\000n\000c\000e\000\040\000E\000v\000a\000l\000u\000a\000t\000i\000o\000n\000\040\000o\000f\000\040\000V\000i\000r\000t\000u\000a\000l\000i\000z\000a\000t\000i\000o\000n\000\040\000T\000e\000c\000h\000n\000o\000l\000o\000g\000i\000e\000s\000\040\000f\000o\000r\000\040\000S\000o\000f\000t\000w\000a\000r\000e\000-\000D\000e\000f\000i\000n\000e\000d\000\040\000V\000e\000h\000i\000c\000l\000e\000s}{chapter.3}% 6
\BOOKMARK [1][-]{section.3.2}{\376\377\000D\000o\000c\000k\000e\000r\000\040\000P\000e\000r\000f\000o\000r\000m\000a\000n\000c\000e\000\040\000E\000v\000a\000l\000u\000a\000t\000i\000o\000n\000\040\000a\000c\000r\000o\000s\000s\000\040\000O\000p\000e\000r\000a\000t\000i\000n\000g\000\040\000S\000y\000s\000t\000e\000m\000s}{chapter.3}% 7
\BOOKMARK [1][-]{section.3.3}{\376\377\000D\000A\000\040\000C\000o\000n\000t\000a\000i\000n\000e\000r\000i\000z\000e\000d\000\040\000M\000i\000c\000r\000o\000s\000e\000r\000v\000i\000c\000e\000\040\000A\000r\000c\000h\000i\000t\000e\000c\000t\000u\000r\000e\000\040\000f\000o\000r\000\040\000a\000\040\000R\000O\000S\000\040\0002\000\040\000A\000u\000t\000o\000n\000o\000m\000o\000u\000s\000\040\000D\000r\000i\000v\000i\000n\000g\000\040\000S\000o\000f\000t\000w\000a\000r\000e\000:\000\040\000A\000n\000\040\000E\000n\000d\000-\000t\000o\000-\000E\000n\000d\000\040\000L\000a\000t\000e\000n\000c\000y\000\040\000E\000v\000a\000l\000u\000a\000t\000i\000o\000n}{chapter.3}% 8
\BOOKMARK [0][-]{chapter.4}{\376\377\000M\000E\000T\000O\000D\000O\000L\000O\000G\000I\000A}{}% 9
\BOOKMARK [0][-]{chapter.5}{\376\377\000E\000X\000P\000E\000R\000I\000M\000E\000N\000T\000O\000S}{}% 10
\BOOKMARK [1][-]{section.5.1}{\376\377\000E\000X\000P\000E\000R\000I\000M\000E\000N\000T\000O\000S\000\040\000E\000M\000\040\000S\000I\000M\000U\000L\000A\000\307\000\303\000O}{chapter.5}% 11
\BOOKMARK [1][-]{section.5.2}{\376\377\000C\000O\000N\000T\000E\000\332\000D\000O\000\040\000R\000E\000P\000O\000S\000I\000T\000\323\000R\000I\000O}{chapter.5}% 12
\BOOKMARK [1][-]{section.5.3}{\376\377\000T\000E\000S\000T\000E\000S\000\040\000A\000R\000E\000N\000A}{chapter.5}% 13
\BOOKMARK [1][-]{section.5.4}{\376\377\000T\000E\000S\000T\000E\000S\000\040\000P\000A\000T\000R\000U\000L\000H\000E\000I\000R\000O\000S}{chapter.5}% 14
\BOOKMARK [0][-]{chapter.6}{\376\377\000R\000E\000S\000U\000L\000T\000A\000D\000O\000S}{}% 15
\BOOKMARK [1][-]{section.6.1}{\376\377\000E\000X\000P\000E\000R\000I\000M\000E\000N\000T\000O\000\040\000S\000E\000T\000U\000P}{chapter.6}% 16
\BOOKMARK [1][-]{section.6.2}{\376\377\000E\000X\000P\000E\000R\000I\000M\000E\000N\000T\000O\000\040\000A\000R\000E\000N\000A}{chapter.6}% 17
\BOOKMARK [1][-]{section.6.3}{\376\377\000E\000X\000P\000E\000R\000I\000M\000E\000N\000T\000O\000\040\000P\000A\000T\000R\000U\000L\000H\000E\000I\000R\000O\000S}{chapter.6}% 18
\BOOKMARK [1][-]{section.6.4}{\376\377\000T\000E\000S\000T\000E\000S\000\040\000L\000A\000B\000I\000R\000I\000N\000T\000O\000S}{chapter.6}% 19
\BOOKMARK [1][-]{section.6.5}{\376\377\000I\000n\000t\000e\000r\000f\000a\000c\000e\000\040\000p\000a\000r\000a\000\040\000p\000r\000o\000d\000u\000z\000i\000r\000\040\000a\000r\000e\000n\000a\000s\000\040\000p\000a\000r\000a\000\040\000a\000\040\000a\000r\000e\000n\000a\000\040\000K\0004\000-\0000\0004\000\040\000\050\000I\000H\000C\000\051}{chapter.6}% 20
\BOOKMARK [0][-]{chapter.7}{\376\377\000C\000O\000N\000C\000L\000U\000S\000\303\000O}{}% 21
\BOOKMARK [1][-]{section.7.1}{\376\377\000T\000R\000A\000B\000A\000L\000H\000O\000S\000\040\000F\000U\000T\000U\000R\000O\000S}{chapter.7}% 22
\BOOKMARK [0][-]{section*.10}{\376\377\000\040\000R\000E\000F\000E\000R\000\312\000N\000C\000I\000A\000S}{}% 23
